<?xml version="1.0" encoding="UTF-8"?>
<testsuite xmlns:xsi="http://www.w3.org/2001/XMLSchema-instance" xsi:noNamespaceSchemaLocation="https://maven.apache.org/surefire/maven-surefire-plugin/xsd/surefire-test-report-3.0.xsd" version="3.0" name="com.student.TestStudent" time="0.036" tests="7" errors="0" skipped="0" failures="0">
  <properties>
[...]
</properties>
  <testcase name="testFindStudentByIdSuccess" classname="com.student.TestStudent" time="0.011"/>
  <testcase name="testEnrollCourse" classname="com.student.TestStudent" time="0.001"/>
  <testcase name="testStudentCreation" classname="com.student.TestStudent" time="0.0"/>
  <testcase name="testStudentNotFoundException" classname="com.student.TestStudent" time="0.004"/>
  <testcase name="testFindStudentByIdFailure" classname="com.student.TestStudent" time="0.0"/>
  <testcase name="testAddNewStudent" classname="com.student.TestStudent" time="0.006">
    <system-out><![CDATA[Enter the student name:
Enter the student age:
Enter the student id:
Enter the number of courses for Ann :
Enter the course 1 :
Enter the course 2 :
]]></system-out>
  </testcase>
  <testcase name="testEnrollSameCourse" classname="com.student.TestStudent" time="0.0"/>
</testsuite>